<?xml version="1.0" encoding="UTF-8"?>
<testsuite name="ro.unibuc.hello.controller.RentControllerIntegrationTest" tests="6" skipped="0" failures="0" errors="0" timestamp="2025-03-30T16:22:05" hostname="codespaces-9d48ea" time="2.173">
  <properties/>
  <testcase name="testDeleteAllRents()" classname="ro.unibuc.hello.controller.RentControllerIntegrationTest" time="1.548"/>
  <testcase name="testExtendRent_Success()" classname="ro.unibuc.hello.controller.RentControllerIntegrationTest" time="0.367"/>
  <testcase name="testGetAllRents()" classname="ro.unibuc.hello.controller.RentControllerIntegrationTest" time="0.079"/>
  <testcase name="testExtendRent_InvalidDate()" classname="ro.unibuc.hello.controller.RentControllerIntegrationTest" time="0.054"/>
  <testcase name="testRentGame_BadRequest()" classname="ro.unibuc.hello.controller.RentControllerIntegrationTest" time="0.044"/>
  <testcase name="testRentGame_Success()" classname="ro.unibuc.hello.controller.RentControllerIntegrationTest" time="0.069"/>
  <system-out><![CDATA[16:21:58.508 [Test worker] INFO org.springframework.test.context.support.AnnotationConfigContextLoaderUtils -- Could not detect default configuration classes for test class [ro.unibuc.hello.controller.RentControllerIntegrationTest]: RentControllerIntegrationTest does not declare any static, non-private, non-final, nested classes annotated with @Configuration.
16:21:58.874 [Test worker] INFO org.springframework.boot.test.context.SpringBootTestContextBootstrapper -- Found @SpringBootConfiguration ro.unibuc.hello.HelloApplication for test class ro.unibuc.hello.controller.RentControllerIntegrationTest

  .   ____          _            __ _ _
 /\\ / ___'_ __ _ _(_)_ __  __ _ \ \ \ \
( ( )\___ | '_ | '_| | '_ \/ _` | \ \ \ \
 \\/  ___)| |_)| | | | | || (_| |  ) ) ) )
  '  |____| .__|_| |_|_| |_\__, | / / / /
 =========|_|==============|___/=/_/_/_/

 :: Spring Boot ::                (v3.4.0)

2025-03-30T16:21:59.953Z  INFO 101138 --- [    Test worker] r.u.h.c.RentControllerIntegrationTest    : Starting RentControllerIntegrationTest using Java 21.0.6 with PID 101138 (started by codespace in /workspaces/GameLibraryAPI)
2025-03-30T16:21:59.958Z  INFO 101138 --- [    Test worker] r.u.h.c.RentControllerIntegrationTest    : No active profile set, falling back to 1 default profile: "default"
2025-03-30T16:22:01.431Z  INFO 101138 --- [    Test worker] .s.d.r.c.RepositoryConfigurationDelegate : Bootstrapping Spring Data MongoDB repositories in DEFAULT mode.
2025-03-30T16:22:01.461Z  INFO 101138 --- [    Test worker] .i.s.PathMatchingResourcePatternResolver : Skipping search for files matching pattern [**/*.class]: directory [/workspaces/GameLibraryAPI/build/classes/java/test/ro/unibuc/hello/data] does not exist
2025-03-30T16:22:01.501Z  INFO 101138 --- [    Test worker] .i.s.PathMatchingResourcePatternResolver : Skipping search for files matching pattern [**/*Impl.class]: directory [/workspaces/GameLibraryAPI/build/classes/java/test/ro/unibuc/hello/data] does not exist
2025-03-30T16:22:01.518Z  INFO 101138 --- [    Test worker] .s.d.r.c.RepositoryConfigurationDelegate : Finished Spring Data repository scanning in 62 ms. Found 5 MongoDB repository interfaces.
2025-03-30T16:22:02.947Z  INFO 101138 --- [    Test worker] org.mongodb.driver.client                : MongoClient with metadata {"driver": {"name": "mongo-java-driver|sync", "version": "5.2.1"}, "os": {"type": "Linux", "name": "Linux", "architecture": "amd64", "version": "6.8.0-1021-azure"}, "platform": "Java/Ubuntu/21.0.6+7-Ubuntu-120.04.1", "env": {"container": {"runtime": "docker"}}} created with settings MongoClientSettings{readPreference=primary, writeConcern=WriteConcern{w=null, wTimeout=null ms, journal=null}, retryWrites=true, retryReads=true, readConcern=ReadConcern{level=null}, credential=MongoCredential{mechanism=null, userName='root', source='admin', password=<hidden>, mechanismProperties=<hidden>}, transportSettings=null, commandListeners=[], codecRegistry=ProvidersCodecRegistry{codecProviders=[ValueCodecProvider{}, BsonValueCodecProvider{}, DBRefCodecProvider{}, DBObjectCodecProvider{}, DocumentCodecProvider{}, CollectionCodecProvider{}, IterableCodecProvider{}, MapCodecProvider{}, GeoJsonCodecProvider{}, GridFSFileCodecProvider{}, Jsr310CodecProvider{}, JsonObjectCodecProvider{}, BsonCodecProvider{}, EnumCodecProvider{}, com.mongodb.client.model.mql.ExpressionCodecProvider@8cd00bc, com.mongodb.Jep395RecordCodecProvider@5035c23c, com.mongodb.KotlinCodecProvider@4149067d]}, loggerSettings=LoggerSettings{maxDocumentLength=1000}, clusterSettings={hosts=[localhost:27017], srvServiceName=mongodb, mode=SINGLE, requiredClusterType=UNKNOWN, requiredReplicaSetName='null', serverSelector='null', clusterListeners='[]', serverSelectionTimeout='30000 ms', localThreshold='15 ms'}, socketSettings=SocketSettings{connectTimeoutMS=10000, readTimeoutMS=0, receiveBufferSize=0, proxySettings=ProxySettings{host=null, port=null, username=null, password=null}}, heartbeatSocketSettings=SocketSettings{connectTimeoutMS=10000, readTimeoutMS=10000, receiveBufferSize=0, proxySettings=ProxySettings{host=null, port=null, username=null, password=null}}, connectionPoolSettings=ConnectionPoolSettings{maxSize=100, minSize=0, maxWaitTimeMS=120000, maxConnectionLifeTimeMS=0, maxConnectionIdleTimeMS=0, maintenanceInitialDelayMS=0, maintenanceFrequencyMS=60000, connectionPoolListeners=[], maxConnecting=2}, serverSettings=ServerSettings{heartbeatFrequencyMS=10000, minHeartbeatFrequencyMS=500, serverMonitoringMode=AUTO, serverListeners='[]', serverMonitorListeners='[]'}, sslSettings=SslSettings{enabled=false, invalidHostNameAllowed=false, context=null}, applicationName='null', compressorList=[], uuidRepresentation=UNSPECIFIED, serverApi=null, autoEncryptionSettings=null, dnsClient=null, inetAddressResolver=null, contextProvider=null, timeoutMS=null}
2025-03-30T16:22:02.998Z  INFO 101138 --- [localhost:27017] org.mongodb.driver.cluster               : Monitor thread successfully connected to server with description ServerDescription{address=localhost:27017, type=STANDALONE, cryptd=false, state=CONNECTED, ok=true, minWireVersion=0, maxWireVersion=17, maxDocumentSize=16777216, logicalSessionTimeoutMinutes=30, roundTripTimeNanos=66508911, minRoundTripTimeNanos=0}
2025-03-30T16:22:05.624Z  INFO 101138 --- [    Test worker] o.s.b.t.m.w.SpringBootMockServletContext : Initializing Spring TestDispatcherServlet ''
2025-03-30T16:22:05.624Z  INFO 101138 --- [    Test worker] o.s.t.web.servlet.TestDispatcherServlet  : Initializing Servlet ''
2025-03-30T16:22:05.647Z  INFO 101138 --- [    Test worker] o.s.b.a.e.web.EndpointLinksResolver      : Exposing 1 endpoint beneath base path '/actuator'
2025-03-30T16:22:05.676Z  INFO 101138 --- [    Test worker] o.s.t.web.servlet.TestDispatcherServlet  : Completed initialization in 51 ms
2025-03-30T16:22:05.800Z  INFO 101138 --- [    Test worker] r.u.h.c.RentControllerIntegrationTest    : Started RentControllerIntegrationTest in 6.516 seconds (process running for 10.143)
]]></system-out>
  <system-err><![CDATA[Mockito is currently self-attaching to enable the inline-mock-maker. This will no longer work in future releases of the JDK. Please add Mockito as an agent to your build what is described in Mockito's documentation: https://javadoc.io/doc/org.mockito/mockito-core/latest/org/mockito/Mockito.html#0.3
WARNING: A Java agent has been loaded dynamically (/home/codespace/.gradle/caches/modules-2/files-2.1/net.bytebuddy/byte-buddy-agent/1.15.10/e8eb255b2c378b9a6c7341e7b0e12f0a5636377/byte-buddy-agent-1.15.10.jar)
WARNING: If a serviceability tool is in use, please run with -XX:+EnableDynamicAgentLoading to hide this warning
WARNING: If a serviceability tool is not in use, please run with -Djdk.instrument.traceUsage for more information
WARNING: Dynamic loading of agents will be disallowed by default in a future release
]]></system-err>
</testsuite>
