<?xml version="1.0" encoding="UTF-8"?>
<testsuite name="ro.unibuc.hello.controller.GameIntegrationTest" tests="8" skipped="0" failures="0" errors="0" timestamp="2025-03-30T16:22:22" hostname="codespaces-9d48ea" time="0.447">
  <properties/>
  <testcase name="testAddGame()" classname="ro.unibuc.hello.controller.GameIntegrationTest" time="0.133"/>
  <testcase name="testGetAllGames()" classname="ro.unibuc.hello.controller.GameIntegrationTest" time="0.019"/>
  <testcase name="testGetGameById()" classname="ro.unibuc.hello.controller.GameIntegrationTest" time="0.039"/>
  <testcase name="testGetGamesByGenre()" classname="ro.unibuc.hello.controller.GameIntegrationTest" time="0.033"/>
  <testcase name="testAddValidReview()" classname="ro.unibuc.hello.controller.GameIntegrationTest" time="0.104"/>
  <testcase name="testAddInvalidReview()" classname="ro.unibuc.hello.controller.GameIntegrationTest" time="0.023"/>
  <testcase name="testDeleteGame()" classname="ro.unibuc.hello.controller.GameIntegrationTest" time="0.032"/>
  <testcase name="testDeleteAllGames()" classname="ro.unibuc.hello.controller.GameIntegrationTest" time="0.043"/>
  <system-out><![CDATA[2025-03-30T16:22:09.627Z  INFO 101138 --- [    Test worker] t.c.s.AnnotationConfigContextLoaderUtils : Could not detect default configuration classes for test class [ro.unibuc.hello.controller.GameIntegrationTest]: GameIntegrationTest does not declare any static, non-private, non-final, nested classes annotated with @Configuration.
2025-03-30T16:22:09.649Z  INFO 101138 --- [    Test worker] .b.t.c.SpringBootTestContextBootstrapper : Found @SpringBootConfiguration ro.unibuc.hello.HelloApplication for test class ro.unibuc.hello.controller.GameIntegrationTest
2025-03-30T16:22:09.840Z  INFO 101138 --- [    Test worker] org.testcontainers.images.PullPolicy     : Image pull policy will be performed by: DefaultPullPolicy()
2025-03-30T16:22:09.864Z  INFO 101138 --- [    Test worker] o.t.utility.ImageNameSubstitutor         : Image name substitution will be performed by: DefaultImageNameSubstitutor (composite of 'ConfigurationFileImageNameSubstitutor' and 'PrefixingImageNameSubstitutor')
2025-03-30T16:22:09.930Z  INFO 101138 --- [    Test worker] org.testcontainers.DockerClientFactory   : Testcontainers version: 1.20.4
2025-03-30T16:22:11.003Z  INFO 101138 --- [    Test worker] o.t.d.DockerClientProviderStrategy       : Loaded org.testcontainers.dockerclient.UnixSocketClientProviderStrategy from ~/.testcontainers.properties, will try it first
2025-03-30T16:22:11.882Z  INFO 101138 --- [    Test worker] o.t.d.DockerClientProviderStrategy       : Found Docker environment with local Unix socket (unix:///var/run/docker.sock)
2025-03-30T16:22:11.930Z  INFO 101138 --- [    Test worker] org.testcontainers.DockerClientFactory   : Docker host IP address is 172.17.0.1
2025-03-30T16:22:11.981Z  INFO 101138 --- [    Test worker] org.testcontainers.DockerClientFactory   : Connected to docker: 
  Server Version: 27.5.1-1
  API Version: 1.47
  Operating System: Ubuntu 20.04.6 LTS (containerized)
  Total Memory: 7937 MB
2025-03-30T16:22:12.058Z  INFO 101138 --- [    Test worker] tc.testcontainers/ryuk:0.11.0            : Creating container for image: testcontainers/ryuk:0.11.0
2025-03-30T16:22:12.404Z  INFO 101138 --- [    Test worker] tc.testcontainers/ryuk:0.11.0            : Container testcontainers/ryuk:0.11.0 is starting: 56c7e32a3f752cec621ff50c4eba62a2dcf2d0f8c0c229f06db0c2fc91becef3
2025-03-30T16:22:12.966Z  INFO 101138 --- [    Test worker] tc.testcontainers/ryuk:0.11.0            : Container testcontainers/ryuk:0.11.0 started in PT0.907206271S
2025-03-30T16:22:12.972Z  INFO 101138 --- [    Test worker] o.t.utility.RyukResourceReaper           : Ryuk started - will monitor and terminate Testcontainers containers on JVM exit
2025-03-30T16:22:12.973Z  INFO 101138 --- [    Test worker] org.testcontainers.DockerClientFactory   : Checking the system...
2025-03-30T16:22:12.974Z  INFO 101138 --- [    Test worker] org.testcontainers.DockerClientFactory   : ✔︎ Docker server version should be at least 1.6.0
2025-03-30T16:22:12.976Z  INFO 101138 --- [    Test worker] tc.mongo:6.0.20                          : Creating container for image: mongo:6.0.20
2025-03-30T16:22:13.005Z  INFO 101138 --- [    Test worker] tc.mongo:6.0.20                          : Container mongo:6.0.20 is starting: 77cda5dcb202b89bc9d531f0398a18aded3f90a5491771f54feb55e5759f9d8d
2025-03-30T16:22:20.438Z  INFO 101138 --- [    Test worker] tc.mongo:6.0.20                          : Container mongo:6.0.20 started in PT7.461955688S

  .   ____          _            __ _ _
 /\\ / ___'_ __ _ _(_)_ __  __ _ \ \ \ \
( ( )\___ | '_ | '_| | '_ \/ _` | \ \ \ \
 \\/  ___)| |_)| | | | | || (_| |  ) ) ) )
  '  |____| .__|_| |_|_| |_\__, | / / / /
 =========|_|==============|___/=/_/_/_/

 :: Spring Boot ::                (v3.4.0)

2025-03-30T16:22:20.708Z  INFO 101138 --- [    Test worker] r.u.h.controller.GameIntegrationTest     : Starting GameIntegrationTest using Java 21.0.6 with PID 101138 (started by codespace in /workspaces/GameLibraryAPI)
2025-03-30T16:22:20.710Z  INFO 101138 --- [    Test worker] r.u.h.controller.GameIntegrationTest     : No active profile set, falling back to 1 default profile: "default"
2025-03-30T16:22:21.385Z  INFO 101138 --- [    Test worker] .s.d.r.c.RepositoryConfigurationDelegate : Bootstrapping Spring Data MongoDB repositories in DEFAULT mode.
2025-03-30T16:22:21.388Z  INFO 101138 --- [    Test worker] .i.s.PathMatchingResourcePatternResolver : Skipping search for files matching pattern [**/*.class]: directory [/workspaces/GameLibraryAPI/build/classes/java/test/ro/unibuc/hello/data] does not exist
2025-03-30T16:22:21.395Z  INFO 101138 --- [    Test worker] .i.s.PathMatchingResourcePatternResolver : Skipping search for files matching pattern [**/*Impl.class]: directory [/workspaces/GameLibraryAPI/build/classes/java/test/ro/unibuc/hello/data] does not exist
2025-03-30T16:22:21.407Z  INFO 101138 --- [    Test worker] .s.d.r.c.RepositoryConfigurationDelegate : Finished Spring Data repository scanning in 19 ms. Found 5 MongoDB repository interfaces.
2025-03-30T16:22:21.708Z  INFO 101138 --- [    Test worker] org.mongodb.driver.client                : MongoClient with metadata {"driver": {"name": "mongo-java-driver|sync", "version": "5.2.1"}, "os": {"type": "Linux", "name": "Linux", "architecture": "amd64", "version": "6.8.0-1021-azure"}, "platform": "Java/Ubuntu/21.0.6+7-Ubuntu-120.04.1", "env": {"container": {"runtime": "docker"}}} created with settings MongoClientSettings{readPreference=primary, writeConcern=WriteConcern{w=null, wTimeout=null ms, journal=null}, retryWrites=true, retryReads=true, readConcern=ReadConcern{level=null}, credential=MongoCredential{mechanism=null, userName='root', source='admin', password=<hidden>, mechanismProperties=<hidden>}, transportSettings=null, commandListeners=[], codecRegistry=ProvidersCodecRegistry{codecProviders=[ValueCodecProvider{}, BsonValueCodecProvider{}, DBRefCodecProvider{}, DBObjectCodecProvider{}, DocumentCodecProvider{}, CollectionCodecProvider{}, IterableCodecProvider{}, MapCodecProvider{}, GeoJsonCodecProvider{}, GridFSFileCodecProvider{}, Jsr310CodecProvider{}, JsonObjectCodecProvider{}, BsonCodecProvider{}, EnumCodecProvider{}, com.mongodb.client.model.mql.ExpressionCodecProvider@8cd00bc, com.mongodb.Jep395RecordCodecProvider@5035c23c, com.mongodb.KotlinCodecProvider@4149067d]}, loggerSettings=LoggerSettings{maxDocumentLength=1000}, clusterSettings={hosts=[localhost:27017], srvServiceName=mongodb, mode=SINGLE, requiredClusterType=UNKNOWN, requiredReplicaSetName='null', serverSelector='null', clusterListeners='[]', serverSelectionTimeout='30000 ms', localThreshold='15 ms'}, socketSettings=SocketSettings{connectTimeoutMS=10000, readTimeoutMS=0, receiveBufferSize=0, proxySettings=ProxySettings{host=null, port=null, username=null, password=null}}, heartbeatSocketSettings=SocketSettings{connectTimeoutMS=10000, readTimeoutMS=10000, receiveBufferSize=0, proxySettings=ProxySettings{host=null, port=null, username=null, password=null}}, connectionPoolSettings=ConnectionPoolSettings{maxSize=100, minSize=0, maxWaitTimeMS=120000, maxConnectionLifeTimeMS=0, maxConnectionIdleTimeMS=0, maintenanceInitialDelayMS=0, maintenanceFrequencyMS=60000, connectionPoolListeners=[], maxConnecting=2}, serverSettings=ServerSettings{heartbeatFrequencyMS=10000, minHeartbeatFrequencyMS=500, serverMonitoringMode=AUTO, serverListeners='[]', serverMonitorListeners='[]'}, sslSettings=SslSettings{enabled=false, invalidHostNameAllowed=false, context=null}, applicationName='null', compressorList=[], uuidRepresentation=UNSPECIFIED, serverApi=null, autoEncryptionSettings=null, dnsClient=null, inetAddressResolver=null, contextProvider=null, timeoutMS=null}
2025-03-30T16:22:21.717Z  INFO 101138 --- [localhost:27017] org.mongodb.driver.cluster               : Monitor thread successfully connected to server with description ServerDescription{address=localhost:27017, type=STANDALONE, cryptd=false, state=CONNECTED, ok=true, minWireVersion=0, maxWireVersion=17, maxDocumentSize=16777216, logicalSessionTimeoutMinutes=30, roundTripTimeNanos=4639771, minRoundTripTimeNanos=0}
2025-03-30T16:22:22.542Z  INFO 101138 --- [    Test worker] o.s.b.t.m.w.SpringBootMockServletContext : Initializing Spring TestDispatcherServlet ''
2025-03-30T16:22:22.542Z  INFO 101138 --- [    Test worker] o.s.t.web.servlet.TestDispatcherServlet  : Initializing Servlet ''
2025-03-30T16:22:22.546Z  INFO 101138 --- [    Test worker] o.s.b.a.e.web.EndpointLinksResolver      : Exposing 1 endpoint beneath base path '/actuator'
2025-03-30T16:22:22.550Z  INFO 101138 --- [    Test worker] o.s.t.web.servlet.TestDispatcherServlet  : Completed initialization in 8 ms
2025-03-30T16:22:22.583Z  INFO 101138 --- [    Test worker] r.u.h.controller.GameIntegrationTest     : Started GameIntegrationTest in 2.124 seconds (process running for 26.925)
]]></system-out>
  <system-err><![CDATA[]]></system-err>
</testsuite>
