<?xml version="1.0" encoding="UTF-8"?>
<testsuite name="ro.unibuc.hello.controller.GameControllerTest" tests="10" skipped="0" failures="0" errors="0" timestamp="2025-04-15T08:20:57" hostname="1e6fcd13e66e" time="4.745">
  <properties/>
  <testcase name="testGetAllGamesByGenre()" classname="ro.unibuc.hello.controller.GameControllerTest" time="4.032"/>
  <testcase name="testAddGame()" classname="ro.unibuc.hello.controller.GameControllerTest" time="0.315"/>
  <testcase name="testDeleteAllGames()" classname="ro.unibuc.hello.controller.GameControllerTest" time="0.038"/>
  <testcase name="testGetGameById_Found()" classname="ro.unibuc.hello.controller.GameControllerTest" time="0.044"/>
  <testcase name="testGetGameById_NotFound()" classname="ro.unibuc.hello.controller.GameControllerTest" time="0.049"/>
  <testcase name="testGetAllGames()" classname="ro.unibuc.hello.controller.GameControllerTest" time="0.043"/>
  <testcase name="testGetReviewsForGame()" classname="ro.unibuc.hello.controller.GameControllerTest" time="0.046"/>
  <testcase name="testAddReview_Success()" classname="ro.unibuc.hello.controller.GameControllerTest" time="0.037"/>
  <testcase name="testDeleteGame()" classname="ro.unibuc.hello.controller.GameControllerTest" time="0.04"/>
  <testcase name="testAddReview_Failure()" classname="ro.unibuc.hello.controller.GameControllerTest" time="0.067"/>
  <system-out><![CDATA[08:21:00.366 [Test worker] INFO org.springframework.mock.web.MockServletContext -- Initializing Spring TestDispatcherServlet ''
08:21:00.371 [Test worker] INFO org.springframework.test.web.servlet.TestDispatcherServlet -- Initializing Servlet ''
08:21:00.389 [Test worker] INFO org.springframework.test.web.servlet.TestDispatcherServlet -- Completed initialization in 13 ms
08:21:01.112 [Test worker] INFO org.springframework.mock.web.MockServletContext -- Initializing Spring TestDispatcherServlet ''
08:21:01.114 [Test worker] INFO org.springframework.test.web.servlet.TestDispatcherServlet -- Initializing Servlet ''
08:21:01.114 [Test worker] INFO org.springframework.test.web.servlet.TestDispatcherServlet -- Completed initialization in 0 ms
08:21:01.423 [Test worker] INFO org.springframework.mock.web.MockServletContext -- Initializing Spring TestDispatcherServlet ''
08:21:01.424 [Test worker] INFO org.springframework.test.web.servlet.TestDispatcherServlet -- Initializing Servlet ''
08:21:01.425 [Test worker] INFO org.springframework.test.web.servlet.TestDispatcherServlet -- Completed initialization in 0 ms
08:21:01.458 [Test worker] INFO org.springframework.mock.web.MockServletContext -- Initializing Spring TestDispatcherServlet ''
08:21:01.458 [Test worker] INFO org.springframework.test.web.servlet.TestDispatcherServlet -- Initializing Servlet ''
08:21:01.458 [Test worker] INFO org.springframework.test.web.servlet.TestDispatcherServlet -- Completed initialization in 0 ms
08:21:01.508 [Test worker] INFO org.springframework.mock.web.MockServletContext -- Initializing Spring TestDispatcherServlet ''
08:21:01.508 [Test worker] INFO org.springframework.test.web.servlet.TestDispatcherServlet -- Initializing Servlet ''
08:21:01.508 [Test worker] INFO org.springframework.test.web.servlet.TestDispatcherServlet -- Completed initialization in 0 ms
08:21:01.556 [Test worker] INFO org.springframework.mock.web.MockServletContext -- Initializing Spring TestDispatcherServlet ''
08:21:01.556 [Test worker] INFO org.springframework.test.web.servlet.TestDispatcherServlet -- Initializing Servlet ''
08:21:01.556 [Test worker] INFO org.springframework.test.web.servlet.TestDispatcherServlet -- Completed initialization in 0 ms
08:21:01.601 [Test worker] INFO org.springframework.mock.web.MockServletContext -- Initializing Spring TestDispatcherServlet ''
08:21:01.602 [Test worker] INFO org.springframework.test.web.servlet.TestDispatcherServlet -- Initializing Servlet ''
08:21:01.602 [Test worker] INFO org.springframework.test.web.servlet.TestDispatcherServlet -- Completed initialization in 0 ms
08:21:01.654 [Test worker] INFO org.springframework.mock.web.MockServletContext -- Initializing Spring TestDispatcherServlet ''
08:21:01.655 [Test worker] INFO org.springframework.test.web.servlet.TestDispatcherServlet -- Initializing Servlet ''
08:21:01.655 [Test worker] INFO org.springframework.test.web.servlet.TestDispatcherServlet -- Completed initialization in 0 ms
08:21:01.698 [Test worker] INFO org.springframework.mock.web.MockServletContext -- Initializing Spring TestDispatcherServlet ''
08:21:01.698 [Test worker] INFO org.springframework.test.web.servlet.TestDispatcherServlet -- Initializing Servlet ''
08:21:01.699 [Test worker] INFO org.springframework.test.web.servlet.TestDispatcherServlet -- Completed initialization in 0 ms
08:21:01.749 [Test worker] INFO org.springframework.mock.web.MockServletContext -- Initializing Spring TestDispatcherServlet ''
08:21:01.751 [Test worker] INFO org.springframework.test.web.servlet.TestDispatcherServlet -- Initializing Servlet ''
08:21:01.753 [Test worker] INFO org.springframework.test.web.servlet.TestDispatcherServlet -- Completed initialization in 2 ms
]]></system-out>
  <system-err><![CDATA[Mockito is currently self-attaching to enable the inline-mock-maker. This will no longer work in future releases of the JDK. Please add Mockito as an agent to your build what is described in Mockito's documentation: https://javadoc.io/doc/org.mockito/mockito-core/latest/org/mockito/Mockito.html#0.3
WARNING: A Java agent has been loaded dynamically (/home/gradle/.gradle/caches/modules-2/files-2.1/net.bytebuddy/byte-buddy-agent/1.15.10/e8eb255b2c378b9a6c7341e7b0e12f0a5636377/byte-buddy-agent-1.15.10.jar)
WARNING: If a serviceability tool is in use, please run with -XX:+EnableDynamicAgentLoading to hide this warning
WARNING: If a serviceability tool is not in use, please run with -Djdk.instrument.traceUsage for more information
WARNING: Dynamic loading of agents will be disallowed by default in a future release
]]></system-err>
</testsuite>
