<?xml version="1.0" encoding="UTF-8"?>
<testsuite name="ro.unibuc.hello.controller.RentControllerTest" tests="8" skipped="0" failures="0" errors="0" timestamp="2025-04-15T08:21:02" hostname="1e6fcd13e66e" time="0.158">
  <properties/>
  <testcase name="testDeleteAllRents()" classname="ro.unibuc.hello.controller.RentControllerTest" time="0.107"/>
  <testcase name="testExtendRent_Success()" classname="ro.unibuc.hello.controller.RentControllerTest" time="0.006"/>
  <testcase name="testGetAllRents()" classname="ro.unibuc.hello.controller.RentControllerTest" time="0.005"/>
  <testcase name="testExtendRent_NotFound()" classname="ro.unibuc.hello.controller.RentControllerTest" time="0.004"/>
  <testcase name="testExtendRent_InvalidDateFormat()" classname="ro.unibuc.hello.controller.RentControllerTest" time="0.004"/>
  <testcase name="testRentGame_BadRequest()" classname="ro.unibuc.hello.controller.RentControllerTest" time="0.003"/>
  <testcase name="testRentGame_Success()" classname="ro.unibuc.hello.controller.RentControllerTest" time="0.013"/>
  <testcase name="testRentGame_RuntimeException()" classname="ro.unibuc.hello.controller.RentControllerTest" time="0.002"/>
  <system-out><![CDATA[]]></system-out>
  <system-err><![CDATA[]]></system-err>
</testsuite>
