<?xml version="1.0" encoding="UTF-8"?>
<testsuite name="ro.unibuc.hello.service.UserServiceTest" tests="7" skipped="0" failures="0" errors="0" timestamp="2025-04-15T08:21:04" hostname="1e6fcd13e66e" time="0.031">
  <properties/>
  <testcase name="testAddMoney_UserNotFound()" classname="ro.unibuc.hello.service.UserServiceTest" time="0.004"/>
  <testcase name="testAddUser()" classname="ro.unibuc.hello.service.UserServiceTest" time="0.004"/>
  <testcase name="testDeleteAllUsers()" classname="ro.unibuc.hello.service.UserServiceTest" time="0.002"/>
  <testcase name="testGetAllUsers()" classname="ro.unibuc.hello.service.UserServiceTest" time="0.003"/>
  <testcase name="testGetUserById_UserExists()" classname="ro.unibuc.hello.service.UserServiceTest" time="0.002"/>
  <testcase name="testAddMoney_UserExists()" classname="ro.unibuc.hello.service.UserServiceTest" time="0.004"/>
  <testcase name="testGetUserById_UserNotFound()" classname="ro.unibuc.hello.service.UserServiceTest" time="0.004"/>
  <system-out><![CDATA[]]></system-out>
  <system-err><![CDATA[]]></system-err>
</testsuite>
